2026-01-27 12:30:37,843 markata      WARNING  wikilink [[autism-and-steadfast-faith]] no matches in file 'pages/daily/2025-08-07-notes.md', defaulting to '/autism-and-steadfast-faith'
2026-01-27 12:30:37,850 markata      WARNING  wikilink [[the-audacity]] no matches in file 'pages/daily/2025-12-01-notes.md', defaulting to '/the-audacity'
2026-01-27 12:30:37,851 markata      WARNING  wikilink [[homelab-monitoring-agent]] no matches in file 'pages/daily/2025-07-09-notes.md', defaulting to '/homelab-monitoring-agent'
2026-01-27 12:30:37,933 markata      WARNING  wikilink [[homelab-monitoring-agent]] no matches in file 'pages/daily/2025-07-08-notes.md', defaulting to '/homelab-monitoring-agent'
2026-01-27 12:30:37,943 markata      WARNING  wikilink [[runescape-os-mobile-experience]] no matches in file 'pages/daily/2025-08-27-notes.md', defaulting to '/runescape-os-mobile-experience'
2026-01-27 12:30:37,956 markata      WARNING  wikilink [[reflection---psalm-119-15]] no matches in file 'pages/daily/2025-10-12-notes.md', defaulting to '/reflection---psalm-119-15'
2026-01-27 12:30:37,961 markata      WARNING  wikilink [[pilgrims-creek---about-me#Hello]] no matches in file 'pages/daily/2025-07-16-notes.md', defaulting to '/pilgrims-creek---about-me#Hello'
2026-01-27 12:30:37,968 markata      WARNING  wikilink [[self-hosting-a-code-forge-with-forgejo]] no matches in file 'pages/daily/2025-08-22-notes.md', defaulting to '/self-hosting-a-code-forge-with-forgejo'
2026-01-27 12:30:38,017 markata      WARNING  wikilink [[self-hosting-a-code-forge-with-forgejo]] no matches in file 'pages/daily/2025-08-21-notes.md', defaulting to '/self-hosting-a-code-forge-with-forgejo'
2026-01-27 12:30:38,026 markata      WARNING  wikilink [[reflection---mark-4-1-20]] no matches in file 'pages/daily/2025-10-24-notes.md', defaulting to '/reflection---mark-4-1-20'
2026-01-27 12:30:38,029 markata      WARNING  wikilink [[pilgrims-creek---about-me]] no matches in file 'pages/daily/2025-07-18-notes.md', defaulting to '/pilgrims-creek---about-me'
2026-01-27 12:30:38,030 markata      WARNING  wikilink [[after-exceeding-expectations-every-year]] no matches in file 'pages/daily/2025-07-18-notes.md', defaulting to '/after-exceeding-expectations-every-year'
2026-01-27 12:30:38,125 markata      WARNING  wikilink [[setting-up-a-laptop-in-2025]] no matches in file 'pages/daily/2025-07-23-notes.md', defaulting to '/setting-up-a-laptop-in-2025'
2026-01-27 12:30:38,133 markata      WARNING  wikilink [[reflection-galatians-524-25]] no matches in file 'pages/daily/2025-09-18-notes.md', defaulting to '/reflection-galatians-524-25'
2026-01-27 12:30:38,140 markata      WARNING  wikilink [[reflection---galatians-5-1]] no matches in file 'pages/daily/2025-09-19-notes.md', defaulting to '/reflection---galatians-5-1'
2026-01-27 12:30:38,143 markata      WARNING  wikilink [[advent---1-peter-1-3]] no matches in file 'pages/daily/2025-12-04-notes.md', defaulting to '/advent---1-peter-1-3'
2026-01-27 12:30:38,148 markata      WARNING  wikilink [[should-data-models-be-fat]] no matches in file 'pages/daily/2025-10-09-notes.md', defaulting to '/should-data-models-be-fat'
2026-01-27 12:30:38,151 markata      WARNING  wikilink [[self-hosting-a-code-forge-with-forgejo]] no matches in file 'pages/daily/2025-08-20-notes.md', defaulting to '/self-hosting-a-code-forge-with-forgejo'
2026-01-27 12:30:38,168 markata      WARNING  wikilink [[reflection---mark-4-1-20]] no matches in file 'pages/daily/2025-10-21-notes.md', defaulting to '/reflection---mark-4-1-20'
2026-01-27 12:30:38,236 markata      WARNING  wikilink [[Angel-of-Yahweh]] no matches in file 'pages/faith/reflection-1-kings-19-8.md', defaulting to '/Angel-of-Yahweh'
2026-01-27 12:30:38,246 markata      WARNING  wikilink [[advent-2025---love]] no matches in file 'pages/faith/the-hidden-things-belong-to-yahweh.md', defaulting to '/advent-2025---love'
2026-01-27 12:30:38,256 markata      WARNING  wikilink [[reflection---galatians-5-1]] no matches in file 'pages/faith/reflection-romans-3-26.md', defaulting to '/reflection---galatians-5-1'
2026-01-27 12:30:38,422 markata      WARNING  wikilink [[autism-and-steadfast-faith]] no matches in file 'pages/daily/2025-08-16-notes.md', defaulting to '/autism-and-steadfast-faith'
2026-01-27 12:30:38,511 markata      WARNING  wikilink [[postiz]] no matches in file 'pages/til/nostr-hex-key.md', defaulting to '/postiz'
2026-01-27 12:30:38,849 markata      WARNING  wikilink [[advent---romans-8-20-21]] no matches in file 'pages/daily/2025-12-05-notes.md', defaulting to '/advent---romans-8-20-21'
2026-01-27 12:30:39,059 markata      WARNING  wikilink [[postiz]] no matches in file 'pages/blog/testing-a-postiz-change-locally.md', defaulting to '/postiz'
2026-01-27 12:30:39,335 markata      WARNING  wikilink [[getting-started-with-nostr]] no matches in file 'pages/blog/nostr.md', defaulting to '/getting-started-with-nostr'
2026-01-27 12:30:39,338 markata      WARNING  wikilink [[getting-started-with-nostr]] no matches in file 'pages/blog/nostr.md', defaulting to '/getting-started-with-nostr'
2026-01-27 12:30:39,340 markata      WARNING  wikilink [[getting-started-with-nostr]] no matches in file 'pages/blog/nostr.md', defaulting to '/getting-started-with-nostr'
2026-01-27 12:30:48,341 markata      WARNING  wikilink [[consider-the-point]] no matches in file 'pages/slash/now.md', defaulting to '/consider-the-point'
2026-01-27 12:30:48,576 markata      WARNING  wikilink [[self-hosting-a-code-forge-with-forgejo]] no matches in file 'UNKNOWN', defaulting to '/self-hosting-a-code-forge-with-forgejo'
2026-01-27 12:30:48,670 markata      WARNING  wikilink [[should-data-models-be-fat]] no matches in file 'UNKNOWN', defaulting to '/should-data-models-be-fat'
2026-01-27 12:30:48,818 markata      WARNING  wikilink [[autism-and-steadfast-faith]] no matches in file 'pages/bema/016-Out-of-the-Pit.md', defaulting to '/autism-and-steadfast-faith'
2026-01-27 12:30:49,228 markata      WARNING  wikilink [[autism-and-steadfast-faith]] no matches in file 'pages/advent/advent-isaiah-26-3.md', defaulting to '/autism-and-steadfast-faith'
2026-01-27 12:30:49,256 markata      WARNING  wikilink [[self-hosting-a-code-forge-with-forgejo]] no matches in file 'pages/glossary/forgejo.md', defaulting to '/self-hosting-a-code-forge-with-forgejo'
