2025-12-13 12:30:07,163 markata      WARNING  wikilink [[homelab-monitoring-agent]] no matches in file 'pages/daily/2025-07-09-notes.md', defaulting to '/homelab-monitoring-agent'
2025-12-13 12:30:07,166 markata      WARNING  wikilink [[autism-and-steadfast-faith]] no matches in file 'pages/daily/2025-08-07-notes.md', defaulting to '/autism-and-steadfast-faith'
2025-12-13 12:30:07,171 markata      WARNING  wikilink [[the-audacity]] no matches in file 'pages/daily/2025-12-01-notes.md', defaulting to '/the-audacity'
2025-12-13 12:30:07,179 markata      WARNING  wikilink [[autism-and-steadfast-faith]] no matches in file 'pages/daily/2025-08-16-notes.md', defaulting to '/autism-and-steadfast-faith'
2025-12-13 12:30:07,250 markata      WARNING  wikilink [[homelab-monitoring-agent]] no matches in file 'pages/daily/2025-07-08-notes.md', defaulting to '/homelab-monitoring-agent'
2025-12-13 12:30:07,261 markata      WARNING  wikilink [[runescape-os-mobile-experience]] no matches in file 'pages/daily/2025-08-27-notes.md', defaulting to '/runescape-os-mobile-experience'
2025-12-13 12:30:07,273 markata      WARNING  wikilink [[reflection---psalm-119-15]] no matches in file 'pages/daily/2025-10-12-notes.md', defaulting to '/reflection---psalm-119-15'
2025-12-13 12:30:07,279 markata      WARNING  wikilink [[pilgrims-creek---about-me#Hello]] no matches in file 'pages/daily/2025-07-16-notes.md', defaulting to '/pilgrims-creek---about-me#Hello'
2025-12-13 12:30:07,286 markata      WARNING  wikilink [[self-hosting-a-code-forge-with-forgejo]] no matches in file 'pages/daily/2025-08-22-notes.md', defaulting to '/self-hosting-a-code-forge-with-forgejo'
2025-12-13 12:30:07,333 markata      WARNING  wikilink [[self-hosting-a-code-forge-with-forgejo]] no matches in file 'pages/daily/2025-08-21-notes.md', defaulting to '/self-hosting-a-code-forge-with-forgejo'
2025-12-13 12:30:07,339 markata      WARNING  wikilink [[reflection---mark-4-1-20]] no matches in file 'pages/daily/2025-10-24-notes.md', defaulting to '/reflection---mark-4-1-20'
2025-12-13 12:30:07,344 markata      WARNING  wikilink [[pilgrims-creek---about-me]] no matches in file 'pages/daily/2025-07-18-notes.md', defaulting to '/pilgrims-creek---about-me'
2025-12-13 12:30:07,345 markata      WARNING  wikilink [[after-exceeding-expectations-every-year]] no matches in file 'pages/daily/2025-07-18-notes.md', defaulting to '/after-exceeding-expectations-every-year'
2025-12-13 12:30:07,448 markata      WARNING  wikilink [[setting-up-a-laptop-in-2025]] no matches in file 'pages/daily/2025-07-23-notes.md', defaulting to '/setting-up-a-laptop-in-2025'
2025-12-13 12:30:07,454 markata      WARNING  wikilink [[reflection---galatians-5-1]] no matches in file 'pages/daily/2025-09-19-notes.md', defaulting to '/reflection---galatians-5-1'
2025-12-13 12:30:07,456 markata      WARNING  wikilink [[reflection-galatians-524-25]] no matches in file 'pages/daily/2025-09-18-notes.md', defaulting to '/reflection-galatians-524-25'
2025-12-13 12:30:07,462 markata      WARNING  wikilink [[advent---1-peter-1-3]] no matches in file 'pages/daily/2025-12-04-notes.md', defaulting to '/advent---1-peter-1-3'
2025-12-13 12:30:07,467 markata      WARNING  wikilink [[self-hosting-a-code-forge-with-forgejo]] no matches in file 'pages/daily/2025-08-20-notes.md', defaulting to '/self-hosting-a-code-forge-with-forgejo'
2025-12-13 12:30:07,491 markata      WARNING  wikilink [[reflection---mark-4-1-20]] no matches in file 'pages/daily/2025-10-21-notes.md', defaulting to '/reflection---mark-4-1-20'
2025-12-13 12:30:07,535 markata      WARNING  wikilink [[Angel-of-Yahweh]] no matches in file 'pages/faith/reflection---1-kings-19-8.md', defaulting to '/Angel-of-Yahweh'
2025-12-13 12:30:07,547 markata      WARNING  wikilink [[autism-and-steadfast-faith]] no matches in file 'pages/faith/advent-isaiah-26-3.md', defaulting to '/autism-and-steadfast-faith'
2025-12-13 12:30:07,568 markata      WARNING  wikilink [[reflection---galatians-5-1]] no matches in file 'pages/faith/reflection---romans-3-26.md', defaulting to '/reflection---galatians-5-1'
2025-12-13 12:30:07,576 markata      WARNING  wikilink [[should-data-models-be-fat]] no matches in file 'pages/daily/2025-10-09-notes.md', defaulting to '/should-data-models-be-fat'
2025-12-13 12:30:07,846 markata      WARNING  wikilink [[postiz]] no matches in file 'pages/til/nostr-hex-key.md', defaulting to '/postiz'
2025-12-13 12:30:08,259 markata      WARNING  wikilink [[advent---romans-8-20-21]] no matches in file 'pages/daily/2025-12-05-notes.md', defaulting to '/advent---romans-8-20-21'
2025-12-13 12:30:08,419 markata      WARNING  wikilink [[postiz]] no matches in file 'pages/blog/testing-a-postiz-change-locally.md', defaulting to '/postiz'
2025-12-13 12:30:08,651 markata      WARNING  wikilink [[getting-started-with-nostr]] no matches in file 'pages/blog/nostr.md', defaulting to '/getting-started-with-nostr'
2025-12-13 12:30:08,655 markata      WARNING  wikilink [[getting-started-with-nostr]] no matches in file 'pages/blog/nostr.md', defaulting to '/getting-started-with-nostr'
2025-12-13 12:30:08,657 markata      WARNING  wikilink [[getting-started-with-nostr]] no matches in file 'pages/blog/nostr.md', defaulting to '/getting-started-with-nostr'
2025-12-13 12:30:18,866 markata      WARNING  wikilink [[self-hosting-a-code-forge-with-forgejo]] no matches in file 'pages/slash/now.md', defaulting to '/self-hosting-a-code-forge-with-forgejo'
2025-12-13 12:30:18,878 markata      WARNING  wikilink [[consider-the-point]] no matches in file 'pages/slash/now.md', defaulting to '/consider-the-point'
2025-12-13 12:30:18,890 markata      WARNING  wikilink [[should-data-models-be-fat]] no matches in file 'pages/slash/now.md', defaulting to '/should-data-models-be-fat'
2025-12-13 12:30:18,976 markata      WARNING  wikilink [[autism-and-steadfast-faith]] no matches in file 'pages/slash/now.md', defaulting to '/autism-and-steadfast-faith'
2025-12-13 12:30:20,501 markata      WARNING  wikilink [[self-hosting-a-code-forge-with-forgejo]] no matches in file 'pages/glossary/forgejo.md', defaulting to '/self-hosting-a-code-forge-with-forgejo'
