2025-08-16 11:57:32,941 markata      WARNING  wikilink [[autism-and-steadfast-faith]] no matches in file 'pages/slash/now.md', defaulting to '/autism-and-steadfast-faith'
2025-08-16 11:57:32,943 markata      WARNING  wikilink [[deuteronomy-6-and-the-shema]] no matches in file 'pages/slash/now.md', defaulting to '/deuteronomy-6-and-the-shema'
2025-08-16 11:57:33,039 markata      WARNING  wikilink [[pilgrims-creek---about-me]] no matches in file 'pages/daily/2025-07-18-notes.md', defaulting to '/pilgrims-creek---about-me'
2025-08-16 11:57:33,040 markata      WARNING  wikilink [[after-exceeding-expectations-every-year]] no matches in file 'pages/daily/2025-07-18-notes.md', defaulting to '/after-exceeding-expectations-every-year'
2025-08-16 11:57:33,042 markata      WARNING  wikilink [[homelab-monitoring-agent]] no matches in file 'pages/daily/2025-07-08-notes.md', defaulting to '/homelab-monitoring-agent'
2025-08-16 11:57:33,046 markata      WARNING  wikilink [[homelab-monitoring-agent]] no matches in file 'pages/daily/2025-07-09-notes.md', defaulting to '/homelab-monitoring-agent'
2025-08-16 11:57:33,051 markata      WARNING  wikilink [[deuteronomy-6-and-the-shema]] no matches in file 'pages/daily/2025-07-14-notes.md', defaulting to '/deuteronomy-6-and-the-shema'
2025-08-16 11:57:33,055 markata      WARNING  wikilink [[when-i-learned-what-an-esacape-room-was]] no matches in file 'pages/daily/2025-08-09-notes.md', defaulting to '/when-i-learned-what-an-esacape-room-was'
2025-08-16 11:57:33,079 markata      WARNING  wikilink [[deuteronomy-6-and-the-shema]] no matches in file 'pages/daily/2025-07-13-notes.md', defaulting to '/deuteronomy-6-and-the-shema'
2025-08-16 11:57:33,088 markata      WARNING  wikilink [[when-i-learned-what-an-esacape-room-was]] no matches in file 'pages/daily/2025-08-08-notes.md', defaulting to '/when-i-learned-what-an-esacape-room-was'
2025-08-16 11:57:33,093 markata      WARNING  wikilink [[pilgrims-creek---about-me#Hello]] no matches in file 'pages/daily/2025-07-16-notes.md', defaulting to '/pilgrims-creek---about-me#Hello'
2025-08-16 11:57:33,096 markata      WARNING  wikilink [[deuteronomy-6-and-the-shema]] no matches in file 'pages/daily/2025-07-15-notes.md', defaulting to '/deuteronomy-6-and-the-shema'
2025-08-16 11:57:33,098 markata      WARNING  wikilink [[deuteronomy-6-and-the-shema]] no matches in file 'pages/daily/2025-07-15-notes.md', defaulting to '/deuteronomy-6-and-the-shema'
2025-08-16 11:57:33,100 markata      WARNING  wikilink [[autism-and-steadfast-faith]] no matches in file 'pages/daily/2025-08-07-notes.md', defaulting to '/autism-and-steadfast-faith'
2025-08-16 11:57:33,105 markata      WARNING  wikilink [[setting-up-a-laptop-in-2025]] no matches in file 'pages/daily/2025-07-23-notes.md', defaulting to '/setting-up-a-laptop-in-2025'
2025-08-16 11:57:33,181 markata      WARNING  wikilink [[postiz]] no matches in file 'pages/til/nostr-hex-key.md', defaulting to '/postiz'
2025-08-16 11:57:34,096 markata      WARNING  wikilink [[postiz]] no matches in file 'pages/blog/testing-a-postiz-change-locally.md', defaulting to '/postiz'
2025-08-16 11:57:34,122 markata      WARNING  wikilink [[getting-started-with-nostr]] no matches in file 'pages/blog/nostr.md', defaulting to '/getting-started-with-nostr'
2025-08-16 11:57:34,124 markata      WARNING  wikilink [[getting-started-with-nostr]] no matches in file 'pages/blog/nostr.md', defaulting to '/getting-started-with-nostr'
2025-08-16 11:57:34,125 markata      WARNING  wikilink [[getting-started-with-nostr]] no matches in file 'pages/blog/nostr.md', defaulting to '/getting-started-with-nostr'
