2026-03-08 01:44:04,502 markata      WARNING  wikilink [[advent---romans-8-20-21]] no matches in file 'pages/daily/2025-12-05-notes.md', defaulting to '/advent---romans-8-20-21'
2026-03-08 01:44:04,507 markata      WARNING  wikilink [[nexus]] no matches in file 'pages/daily/2026-03-07-notes.md', defaulting to '/nexus'
2026-03-08 01:44:04,529 markata      WARNING  wikilink [[homelab-monitoring-agent]] no matches in file 'pages/daily/2025-07-09-notes.md', defaulting to '/homelab-monitoring-agent'
2026-03-08 01:44:04,532 markata      WARNING  wikilink [[autism-and-steadfast-faith]] no matches in file 'pages/daily/2025-08-07-notes.md', defaulting to '/autism-and-steadfast-faith'
2026-03-08 01:44:04,537 markata      WARNING  wikilink [[nexus]] no matches in file 'pages/daily/2026-02-06-notes.md', defaulting to '/nexus'
2026-03-08 01:44:04,540 markata      WARNING  wikilink [[the-audacity]] no matches in file 'pages/daily/2025-12-01-notes.md', defaulting to '/the-audacity'
2026-03-08 01:44:04,612 markata      WARNING  wikilink [[nexus]] no matches in file 'pages/daily/2026-02-05-notes.md', defaulting to '/nexus'
2026-03-08 01:44:04,616 markata      WARNING  wikilink [[autism-and-steadfast-faith]] no matches in file 'pages/daily/2025-08-16-notes.md', defaulting to '/autism-and-steadfast-faith'
2026-03-08 01:44:04,620 markata      WARNING  wikilink [[homelab-monitoring-agent]] no matches in file 'pages/daily/2025-07-08-notes.md', defaulting to '/homelab-monitoring-agent'
2026-03-08 01:44:04,632 markata      WARNING  wikilink [[nexus]] no matches in file 'pages/daily/2026-02-23-notes.md', defaulting to '/nexus'
2026-03-08 01:44:04,638 markata      WARNING  wikilink [[runescape-os-mobile-experience]] no matches in file 'pages/daily/2025-08-27-notes.md', defaulting to '/runescape-os-mobile-experience'
2026-03-08 01:44:04,651 markata      WARNING  wikilink [[reflection---psalm-119-15]] no matches in file 'pages/daily/2025-10-12-notes.md', defaulting to '/reflection---psalm-119-15'
2026-03-08 01:44:04,657 markata      WARNING  wikilink [[pilgrims-creek---about-me#Hello]] no matches in file 'pages/daily/2025-07-16-notes.md', defaulting to '/pilgrims-creek---about-me#Hello'
2026-03-08 01:44:04,665 markata      WARNING  wikilink [[self-hosting-a-code-forge-with-forgejo]] no matches in file 'pages/daily/2025-08-22-notes.md', defaulting to '/self-hosting-a-code-forge-with-forgejo'
2026-03-08 01:44:04,741 markata      WARNING  wikilink [[self-hosting-a-code-forge-with-forgejo]] no matches in file 'pages/daily/2025-08-21-notes.md', defaulting to '/self-hosting-a-code-forge-with-forgejo'
2026-03-08 01:44:04,748 markata      WARNING  wikilink [[reflection---mark-4-1-20]] no matches in file 'pages/daily/2025-10-24-notes.md', defaulting to '/reflection---mark-4-1-20'
2026-03-08 01:44:04,848 markata      WARNING  wikilink [[setting-up-a-laptop-in-2025]] no matches in file 'pages/daily/2025-07-23-notes.md', defaulting to '/setting-up-a-laptop-in-2025'
2026-03-08 01:44:04,854 markata      WARNING  wikilink [[reflection-galatians-524-25]] no matches in file 'pages/daily/2025-09-18-notes.md', defaulting to '/reflection-galatians-524-25'
2026-03-08 01:44:04,858 markata      WARNING  wikilink [[reflection---galatians-5-1]] no matches in file 'pages/daily/2025-09-19-notes.md', defaulting to '/reflection---galatians-5-1'
2026-03-08 01:44:04,864 markata      WARNING  wikilink [[advent---1-peter-1-3]] no matches in file 'pages/daily/2025-12-04-notes.md', defaulting to '/advent---1-peter-1-3'
2026-03-08 01:44:04,871 markata      WARNING  wikilink [[should-data-models-be-fat]] no matches in file 'pages/daily/2025-10-09-notes.md', defaulting to '/should-data-models-be-fat'
2026-03-08 01:44:04,880 markata      WARNING  wikilink [[self-hosting-a-code-forge-with-forgejo]] no matches in file 'pages/daily/2025-08-20-notes.md', defaulting to '/self-hosting-a-code-forge-with-forgejo'
2026-03-08 01:44:04,897 markata      WARNING  wikilink [[reflection---mark-4-1-20]] no matches in file 'pages/daily/2025-10-21-notes.md', defaulting to '/reflection---mark-4-1-20'
2026-03-08 01:44:04,942 markata      WARNING  wikilink [[advent-2025---love]] no matches in file 'pages/faith/the-hidden-things-belong-to-yahweh.md', defaulting to '/advent-2025---love'
2026-03-08 01:44:04,947 markata      WARNING  wikilink [[reflection---galatians-5-1]] no matches in file 'pages/faith/reflection-romans-3-26.md', defaulting to '/reflection---galatians-5-1'
2026-03-08 01:44:04,969 markata      WARNING  wikilink [[premarital-session-2---march-2026]] no matches in file 'pages/faith/premarital-session-1---feb-2026.md', defaulting to '/premarital-session-2---march-2026'
2026-03-08 01:44:04,971 markata      WARNING  wikilink [[premarital-session-3-april-2026]] no matches in file 'pages/faith/premarital-session-1---feb-2026.md', defaulting to '/premarital-session-3-april-2026'
2026-03-08 01:44:04,972 markata      WARNING  wikilink [[Angel-of-Yahweh]] no matches in file 'pages/faith/reflection-1-kings-19-8.md', defaulting to '/Angel-of-Yahweh'
2026-03-08 01:44:05,238 markata      WARNING  wikilink [[postiz]] no matches in file 'pages/til/nostr-hex-key.md', defaulting to '/postiz'
2026-03-08 01:44:05,481 markata      WARNING  wikilink [[pilgrims-creek---about-me]] no matches in file 'pages/daily/2025-07-18-notes.md', defaulting to '/pilgrims-creek---about-me'
2026-03-08 01:44:05,483 markata      WARNING  wikilink [[after-exceeding-expectations-every-year]] no matches in file 'pages/daily/2025-07-18-notes.md', defaulting to '/after-exceeding-expectations-every-year'
2026-03-08 01:44:05,773 markata      WARNING  wikilink [[postiz]] no matches in file 'pages/blog/testing-a-postiz-change-locally.md', defaulting to '/postiz'
2026-03-08 01:44:06,081 markata      WARNING  wikilink [[nexus]] no matches in file 'pages/blog/my-thoughts-on-beads.md', defaulting to '/nexus'
2026-03-08 01:44:06,117 markata      WARNING  wikilink [[getting-started-with-nostr]] no matches in file 'pages/blog/nostr.md', defaulting to '/getting-started-with-nostr'
2026-03-08 01:44:06,120 markata      WARNING  wikilink [[getting-started-with-nostr]] no matches in file 'pages/blog/nostr.md', defaulting to '/getting-started-with-nostr'
2026-03-08 01:44:06,121 markata      WARNING  wikilink [[getting-started-with-nostr]] no matches in file 'pages/blog/nostr.md', defaulting to '/getting-started-with-nostr'
2026-03-08 01:44:06,194 markata      WARNING  wikilink [[nexus]] no matches in file 'pages/blog/cat-autonomy-2-0.md', defaulting to '/nexus'
2026-03-08 01:44:16,611 markata      WARNING  wikilink [[consider-the-point]] no matches in file 'pages/slash/now.md', defaulting to '/consider-the-point'
2026-03-08 01:44:16,730 markata      WARNING  wikilink [[self-hosting-a-code-forge-with-forgejo]] no matches in file 'UNKNOWN', defaulting to '/self-hosting-a-code-forge-with-forgejo'
2026-03-08 01:44:16,889 markata      WARNING  wikilink [[should-data-models-be-fat]] no matches in file 'UNKNOWN', defaulting to '/should-data-models-be-fat'
2026-03-08 01:44:17,007 markata      WARNING  wikilink [[autism-and-steadfast-faith]] no matches in file 'UNKNOWN', defaulting to '/autism-and-steadfast-faith'
2026-03-08 01:44:17,494 markata      WARNING  wikilink [[autism-and-steadfast-faith]] no matches in file 'pages/advent/advent-isaiah-26-3.md', defaulting to '/autism-and-steadfast-faith'
2026-03-08 01:44:17,526 markata      WARNING  wikilink [[self-hosting-a-code-forge-with-forgejo]] no matches in file 'pages/glossary/forgejo.md', defaulting to '/self-hosting-a-code-forge-with-forgejo'
