2026-03-23 14:15:59,723 markata      WARNING  wikilink [[advent---romans-8-20-21]] no matches in file 'pages/daily/2025-12-05-notes.md', defaulting to '/advent---romans-8-20-21'
2026-03-23 14:15:59,727 markata      WARNING  wikilink [[nexus]] no matches in file 'pages/daily/2026-03-07-notes.md', defaulting to '/nexus'
2026-03-23 14:15:59,778 markata      WARNING  wikilink [[autism-and-steadfast-faith]] no matches in file 'pages/daily/2025-08-16-notes.md', defaulting to '/autism-and-steadfast-faith'
2026-03-23 14:15:59,785 markata      WARNING  wikilink [[homelab-monitoring-agent]] no matches in file 'pages/daily/2025-07-09-notes.md', defaulting to '/homelab-monitoring-agent'
2026-03-23 14:15:59,788 markata      WARNING  wikilink [[autism-and-steadfast-faith]] no matches in file 'pages/daily/2025-08-07-notes.md', defaulting to '/autism-and-steadfast-faith'
2026-03-23 14:15:59,792 markata      WARNING  wikilink [[nexus]] no matches in file 'pages/daily/2026-02-06-notes.md', defaulting to '/nexus'
2026-03-23 14:15:59,796 markata      WARNING  wikilink [[the-audacity]] no matches in file 'pages/daily/2025-12-01-notes.md', defaulting to '/the-audacity'
2026-03-23 14:15:59,862 markata      WARNING  wikilink [[nexus]] no matches in file 'pages/daily/2026-02-05-notes.md', defaulting to '/nexus'
2026-03-23 14:15:59,873 markata      WARNING  wikilink [[nexus]] no matches in file 'pages/daily/2026-02-23-notes.md', defaulting to '/nexus'
2026-03-23 14:15:59,875 markata      WARNING  wikilink [[homelab-monitoring-agent]] no matches in file 'pages/daily/2025-07-08-notes.md', defaulting to '/homelab-monitoring-agent'
2026-03-23 14:15:59,882 markata      WARNING  wikilink [[runescape-os-mobile-experience]] no matches in file 'pages/daily/2025-08-27-notes.md', defaulting to '/runescape-os-mobile-experience'
2026-03-23 14:15:59,900 markata      WARNING  wikilink [[reflection---psalm-119-15]] no matches in file 'pages/daily/2025-10-12-notes.md', defaulting to '/reflection---psalm-119-15'
2026-03-23 14:15:59,905 markata      WARNING  wikilink [[pilgrims-creek---about-me#Hello]] no matches in file 'pages/daily/2025-07-16-notes.md', defaulting to '/pilgrims-creek---about-me#Hello'
2026-03-23 14:15:59,912 markata      WARNING  wikilink [[self-hosting-a-code-forge-with-forgejo]] no matches in file 'pages/daily/2025-08-22-notes.md', defaulting to '/self-hosting-a-code-forge-with-forgejo'
2026-03-23 14:15:59,962 markata      WARNING  wikilink [[self-hosting-a-code-forge-with-forgejo]] no matches in file 'pages/daily/2025-08-21-notes.md', defaulting to '/self-hosting-a-code-forge-with-forgejo'
2026-03-23 14:15:59,969 markata      WARNING  wikilink [[reflection---mark-4-1-20]] no matches in file 'pages/daily/2025-10-24-notes.md', defaulting to '/reflection---mark-4-1-20'
2026-03-23 14:15:59,973 markata      WARNING  wikilink [[pilgrims-creek---about-me]] no matches in file 'pages/daily/2025-07-18-notes.md', defaulting to '/pilgrims-creek---about-me'
2026-03-23 14:15:59,974 markata      WARNING  wikilink [[after-exceeding-expectations-every-year]] no matches in file 'pages/daily/2025-07-18-notes.md', defaulting to '/after-exceeding-expectations-every-year'
2026-03-23 14:16:00,070 markata      WARNING  wikilink [[setting-up-a-laptop-in-2025]] no matches in file 'pages/daily/2025-07-23-notes.md', defaulting to '/setting-up-a-laptop-in-2025'
2026-03-23 14:16:00,078 markata      WARNING  wikilink [[reflection-galatians-524-25]] no matches in file 'pages/daily/2025-09-18-notes.md', defaulting to '/reflection-galatians-524-25'
2026-03-23 14:16:00,084 markata      WARNING  wikilink [[reflection---galatians-5-1]] no matches in file 'pages/daily/2025-09-19-notes.md', defaulting to '/reflection---galatians-5-1'
2026-03-23 14:16:00,087 markata      WARNING  wikilink [[advent---1-peter-1-3]] no matches in file 'pages/daily/2025-12-04-notes.md', defaulting to '/advent---1-peter-1-3'
2026-03-23 14:16:00,091 markata      WARNING  wikilink [[should-data-models-be-fat]] no matches in file 'pages/daily/2025-10-09-notes.md', defaulting to '/should-data-models-be-fat'
2026-03-23 14:16:00,094 markata      WARNING  wikilink [[self-hosting-a-code-forge-with-forgejo]] no matches in file 'pages/daily/2025-08-20-notes.md', defaulting to '/self-hosting-a-code-forge-with-forgejo'
2026-03-23 14:16:00,117 markata      WARNING  wikilink [[reflection---mark-4-1-20]] no matches in file 'pages/daily/2025-10-21-notes.md', defaulting to '/reflection---mark-4-1-20'
2026-03-23 14:16:00,168 markata      WARNING  wikilink [[Angel-of-Yahweh]] no matches in file 'pages/faith/reflection-1-kings-19-8.md', defaulting to '/Angel-of-Yahweh'
2026-03-23 14:16:00,180 markata      WARNING  wikilink [[reflection---galatians-5-1]] no matches in file 'pages/faith/reflection-romans-3-26.md', defaulting to '/reflection---galatians-5-1'
2026-03-23 14:16:00,189 markata      WARNING  wikilink [[advent-2025---love]] no matches in file 'pages/faith/the-hidden-things-belong-to-yahweh.md', defaulting to '/advent-2025---love'
2026-03-23 14:16:00,214 markata      WARNING  wikilink [[premarital-session-2---march-2026]] no matches in file 'pages/faith/premarital-session-1---feb-2026.md', defaulting to '/premarital-session-2---march-2026'
2026-03-23 14:16:01,019 markata      WARNING  wikilink [[nexus]] no matches in file 'pages/blog/cat-autonomy-2-0.md', defaulting to '/nexus'
2026-03-23 14:16:01,051 markata      WARNING  wikilink [[postiz]] no matches in file 'pages/til/nostr-hex-key.md', defaulting to '/postiz'
2026-03-23 14:16:01,107 markata      WARNING  wikilink [[postiz]] no matches in file 'pages/blog/testing-a-postiz-change-locally.md', defaulting to '/postiz'
2026-03-23 14:16:01,462 markata      WARNING  wikilink [[nexus]] no matches in file 'pages/blog/my-thoughts-on-beads.md', defaulting to '/nexus'
2026-03-23 14:16:01,547 markata      WARNING  wikilink [[getting-started-with-nostr]] no matches in file 'pages/blog/nostr.md', defaulting to '/getting-started-with-nostr'
2026-03-23 14:16:01,549 markata      WARNING  wikilink [[getting-started-with-nostr]] no matches in file 'pages/blog/nostr.md', defaulting to '/getting-started-with-nostr'
2026-03-23 14:16:01,552 markata      WARNING  wikilink [[getting-started-with-nostr]] no matches in file 'pages/blog/nostr.md', defaulting to '/getting-started-with-nostr'
2026-03-23 14:16:10,789 markata      WARNING  wikilink [[consider-the-point]] no matches in file 'pages/slash/now.md', defaulting to '/consider-the-point'
2026-03-23 14:16:10,791 markata      WARNING  wikilink [[self-hosting-a-code-forge-with-forgejo]] no matches in file 'pages/slash/now.md', defaulting to '/self-hosting-a-code-forge-with-forgejo'
2026-03-23 14:16:10,793 markata      WARNING  wikilink [[should-data-models-be-fat]] no matches in file 'pages/slash/now.md', defaulting to '/should-data-models-be-fat'
2026-03-23 14:16:10,795 markata      WARNING  wikilink [[autism-and-steadfast-faith]] no matches in file 'pages/slash/now.md', defaulting to '/autism-and-steadfast-faith'
2026-03-23 14:16:11,897 markata      WARNING  wikilink [[autism-and-steadfast-faith]] no matches in file 'pages/advent/advent-isaiah-26-3.md', defaulting to '/autism-and-steadfast-faith'
2026-03-23 14:16:12,186 markata      WARNING  wikilink [[self-hosting-a-code-forge-with-forgejo]] no matches in file 'pages/glossary/forgejo.md', defaulting to '/self-hosting-a-code-forge-with-forgejo'
